[265.803575516] 2018-05-21 15:59:33,819 - INFO - launcher: Starting sanity checks
[265.803575516] 2018-05-21 15:59:33,819 - INFO - launcher: Checking for Python 3.5+
[265.803575516] 2018-05-21 15:59:33,819 - INFO - launcher: Checking console encoding
[265.803575516] 2018-05-21 15:59:33,819 - INFO - launcher: Setting console encoding to UTF-8
[265.803575516] 2018-05-21 15:59:33,819 - INFO - launcher: Ensuring we're in the right environment
[422.099590302] 2018-05-21 15:59:33,975 - INFO - launcher: Adding local bins/ folder to path
[453.309059143] 2018-05-21 15:59:34,007 - INFO - launcher: Required checks passed.
[493.388891220] 2018-05-21 15:59:34,047 - INFO - launcher: Optional checks passed.
[494.381666183] 2018-05-21 15:59:34,048 - INFO - launcher: Moving old musicbot log

######################### PRE-RUN SANITY CHECKS PASSED #########################

[13.4164733886718750] 2018-05-21 15:59:46,970 - WARNING - musicbot.config | In config.py::MainThread(12448), line 112 in run_checks: i18n file does not exist. Trying to fallback to config/i18n/en.json.
[13.4164733886718750] 2018-05-21 15:59:46,970 - INFO - musicbot.config | In config.py::MainThread(12448), line 123 in run_checks: Using i18n: config/i18n/en.json
[13.4175381660461426] 2018-05-21 15:59:46,971 - DEBUG - musicbot.json | In json.py::MainThread(12448), line 8 in __init__: Init JSON obj with config/i18n/en.json
[13.5933818817138672] 2018-05-21 15:59:47,147 - DEBUG - musicbot.bot | In bot.py::MainThread(12448), line 227 in _setup_logging: Set logging level to INFO
[13.5933818817138672] 2018-05-21 15:59:47,147 - INFO - musicbot.bot | In bot.py::MainThread(12448), line 84 in __init__: Starting MusicBot 1.9.7
[13.5933818817138672] 2018-05-21 15:59:47,147 - WARNING - musicbot.bot | In bot.py::MainThread(12448), line 87 in __init__: Autoplaylist is empty, disabling.
[16.8557481765747070] 2018-05-21 15:59:50,409 - DEBUG - musicbot.bot | In bot.py::MainThread(12448), line 1074 in on_ready: Connection established, ready to go.
[16.8557481765747070] 2018-05-21 15:59:50,409 - DEBUG - musicbot.bot | In bot.py::MainThread(12448), line 339 in _cache_app_info: Caching app info
[17.0901448726654053] 2018-05-21 15:59:50,644 - DEBUG - musicbot.bot | In bot.py::MainThread(12448), line 889 in _scheck_ensure_env: Ensuring data folders exist
[17.2640459537506104] 2018-05-21 15:59:50,817 - DEBUG - musicbot.bot | In bot.py::MainThread(12448), line 905 in _scheck_server_permissions: Checking server permissions
[17.2640459537506104] 2018-05-21 15:59:50,817 - DEBUG - musicbot.bot | In bot.py::MainThread(12448), line 909 in _scheck_autoplaylist: Auditing autoplaylist
[17.2640459537506104] 2018-05-21 15:59:50,817 - DEBUG - musicbot.bot | In bot.py::MainThread(12448), line 913 in _scheck_configs: Validating config
[17.2650282382965088] 2018-05-21 15:59:50,818 - DEBUG - musicbot.config | In config.py::MainThread(12448), line 212 in async_validate: Validating options...
[17.2650282382965088] 2018-05-21 15:59:50,818 - DEBUG - musicbot.bot | In bot.py::MainThread(12448), line 916 in _scheck_configs: Validating permissions config
[17.2650282382965088] 2018-05-21 15:59:50,818 - DEBUG - musicbot.permissions | In permissions.py::MainThread(12448), line 64 in async_validate: Validating permissions...
[17.2650282382965088] 2018-05-21 15:59:50,818 - INFO - musicbot.bot | In bot.py::MainThread(12448), line 1091 in on_ready: Connected: 440422461972938772/TechnologyHelpBundaberg#1450
[17.2660536766052246] 2018-05-21 15:59:50,819 - INFO - musicbot.bot | In bot.py::MainThread(12448), line 1099 in on_ready: Owner:     292871335305019394/Technology Help Bundaberg ㋡#9176

[17.2670283317565918] 2018-05-21 15:59:50,820 - INFO - musicbot.bot | In bot.py::MainThread(12448), line 1102 in on_ready: Server List:
[17.2680497169494629] 2018-05-21 15:59:50,821 - INFO - musicbot.bot | In bot.py::MainThread(12448), line 1105 in on_ready:  - The Trash Clan
[17.2680497169494629] 2018-05-21 15:59:50,821 - INFO - musicbot.bot | In bot.py::MainThread(12448), line 1105 in on_ready:  - Technology Help Bundaberg
[17.2690272331237793] 2018-05-21 15:59:50,822 - INFO - musicbot.bot | In bot.py::MainThread(12448), line 1105 in on_ready:  - test
[17.2690272331237793] 2018-05-21 15:59:50,822 - INFO - musicbot.bot | In bot.py::MainThread(12448), line 1151 in on_ready: Not bound to any text channels
[17.2690272331237793] 2018-05-21 15:59:50,822 - INFO - musicbot.bot | In bot.py::MainThread(12448), line 1177 in on_ready: Not autojoining any voice channels
[188.6746041774749756] 2018-05-21 16:02:42,228 - INFO - musicbot.bot | In bot.py::MainThread(12448), line 2734 in on_message: 292871335305019394/Technology Help Bundaberg ㋡#9176: +help
[923.7199425697326660] 2018-05-21 16:14:57,273 - INFO - musicbot.bot | In bot.py::MainThread(12448), line 2734 in on_message: 292871335305019394/Technology Help Bundaberg ㋡#9176: +shutdown
[924.374483585] launcher-INFO: All done.
